<?xml version="1.0" encoding="UTF-8"?>
<testng-results skipped="0" failed="1" ignored="1" total="2" passed="0">
  <reporter-output>
  </reporter-output>
  <suite name="Default suite" duration-ms="23511" started-at="2022-01-10T02:43:35 GMT" finished-at="2022-01-10T02:43:58 GMT">
    <groups>
    </groups>
    <test name="Default test" duration-ms="23511" started-at="2022-01-10T02:43:35 GMT" finished-at="2022-01-10T02:43:58 GMT">
      <class name="com.qa.democart.test.ProductInfoPageTest">
        <test-method status="PASS" signature="SetUp()[pri:0, instance:com.qa.democart.test.ProductInfoPageTest@61a002b1]" name="SetUp" is-config="true" duration-ms="10473" started-at="2022-01-10T02:43:35 GMT" finished-at="2022-01-10T02:43:45 GMT">
          <reporter-output>
          </reporter-output>
        </test-method> <!-- SetUp -->
        <test-method status="PASS" signature="productInfoPageSetUp()[pri:0, instance:com.qa.democart.test.ProductInfoPageTest@61a002b1]" name="productInfoPageSetUp" is-config="true" duration-ms="5208" started-at="2022-01-10T02:43:45 GMT" finished-at="2022-01-10T02:43:51 GMT">
          <reporter-output>
          </reporter-output>
        </test-method> <!-- productInfoPageSetUp -->
        <test-method status="FAIL" signature="productInfoTest()[pri:0, instance:com.qa.democart.test.ProductInfoPageTest@61a002b1]" name="productInfoTest" duration-ms="6134" started-at="2022-01-10T02:43:51 GMT" finished-at="2022-01-10T02:43:57 GMT">
          <exception class="java.lang.AssertionError">
            <message>
              <![CDATA[The following asserts failed:
expected [MacBook Pro] but found [MacBook Air],
expected [Product 18] but found [Product 17],
expected [$2,000.00] but found [$1,000.00]]]>
            </message>
            <full-stacktrace>
              <![CDATA[java.lang.AssertionError: The following asserts failed:
expected [MacBook Pro] but found [MacBook Air],
expected [Product 18] but found [Product 17],
expected [$2,000.00] but found [$1,000.00]
at org.testng.asserts.SoftAssert.assertAll(SoftAssert.java:47)
at org.testng.asserts.SoftAssert.assertAll(SoftAssert.java:31)
at com.qa.democart.test.ProductInfoPageTest.productInfoTest(ProductInfoPageTest.java:34)
at sun.reflect.NativeMethodAccessorImpl.invoke0(Native Method)
at sun.reflect.NativeMethodAccessorImpl.invoke(NativeMethodAccessorImpl.java:62)
at sun.reflect.DelegatingMethodAccessorImpl.invoke(DelegatingMethodAccessorImpl.java:43)
at java.lang.reflect.Method.invoke(Method.java:498)
at org.testng.internal.MethodInvocationHelper.invokeMethod(MethodInvocationHelper.java:133)
at org.testng.internal.TestInvoker.invokeMethod(TestInvoker.java:598)
at org.testng.internal.TestInvoker.invokeTestMethod(TestInvoker.java:173)
at org.testng.internal.MethodRunner.runInSequence(MethodRunner.java:46)
at org.testng.internal.TestInvoker$MethodInvocationAgent.invoke(TestInvoker.java:824)
at org.testng.internal.TestInvoker.invokeTestMethods(TestInvoker.java:146)
at org.testng.internal.TestMethodWorker.invokeTestMethods(TestMethodWorker.java:146)
at org.testng.internal.TestMethodWorker.run(TestMethodWorker.java:128)
at java.util.ArrayList.forEach(ArrayList.java:1259)
at org.testng.TestRunner.privateRun(TestRunner.java:794)
at org.testng.TestRunner.run(TestRunner.java:596)
at org.testng.SuiteRunner.runTest(SuiteRunner.java:377)
at org.testng.SuiteRunner.runSequentially(SuiteRunner.java:371)
at org.testng.SuiteRunner.privateRun(SuiteRunner.java:332)
at org.testng.SuiteRunner.run(SuiteRunner.java:276)
at org.testng.SuiteRunnerWorker.runSuite(SuiteRunnerWorker.java:53)
at org.testng.SuiteRunnerWorker.run(SuiteRunnerWorker.java:96)
at org.testng.TestNG.runSuitesSequentially(TestNG.java:1212)
at org.testng.TestNG.runSuitesLocally(TestNG.java:1134)
at org.testng.TestNG.runSuites(TestNG.java:1063)
at org.testng.TestNG.run(TestNG.java:1031)
at org.testng.remote.AbstractRemoteTestNG.run(AbstractRemoteTestNG.java:115)
at org.testng.remote.RemoteTestNG.initAndRun(RemoteTestNG.java:251)
at org.testng.remote.RemoteTestNG.main(RemoteTestNG.java:77)
]]>
            </full-stacktrace>
          </exception> <!-- java.lang.AssertionError -->
          <reporter-output>
          </reporter-output>
        </test-method> <!-- productInfoTest -->
        <test-method status="PASS" signature="tearDown()[pri:0, instance:com.qa.democart.test.ProductInfoPageTest@61a002b1]" name="tearDown" is-config="true" duration-ms="1120" started-at="2022-01-10T02:43:57 GMT" finished-at="2022-01-10T02:43:58 GMT">
          <reporter-output>
          </reporter-output>
        </test-method> <!-- tearDown -->
      </class> <!-- com.qa.democart.test.ProductInfoPageTest -->
    </test> <!-- Default test -->
  </suite> <!-- Default suite -->
</testng-results>
